/media/latte/anaconda3/lib/python3.6/site-packages/h5py/__init__.py:36: FutureWarning: Conversion of the second argument of issubdtype from `float` to `np.floating` is deprecated. In future, it will be treated as `np.float64 == np.dtype(float).type`.
  from ._conv import register_converters as _register_converters
Using TensorFlow backend.
/home/rzuo/.local/lib/python3.6/site-packages/fancyimpute/soft_impute.py:100: RuntimeWarning: divide by zero encountered in double_scalars
  return (np.sqrt(ssd) / old_norm) < self.convergence_threshold

For the pancreatitis dataset:
[LOG] lambd = 0.05
0 1 2 3 4 5 6 7 8 9 10 11 12 13 14 15 16 17 18 19 20 21 22 23 24 25 26 27 28 29 30 31 32 33 34 35 36 37 38 39 40 41 42 43 44 45 46 47 48 49 [LOG] avg. concordance w/o pca: 0.5580444925444925
[LOG] avg. ipec w/o pca: 2.055875180579618
[LOG] avg. concordance w/ pca: 0.5729574314574315
[LOG] avg. ipec w/ pca: 2.1143728509616313
-------------------------------------------------------
[LOG] lambd = 0.07
0 1 2 3 4 5 6 7 8 9 10 11 12 13 14 15 16 17 18 19 20 21 22 23 24 25 26 27 28 29 30 31 32 33 34 35 36 37 38 39 40 41 42 43 44 45 46 47 48 49 [LOG] avg. concordance w/o pca: 0.5477176527176527
[LOG] avg. ipec w/o pca: 1.98363857864381
[LOG] avg. concordance w/ pca: 0.5627594997594998
[LOG] avg. ipec w/ pca: 2.0695839167612124
-------------------------------------------------------
[LOG] lambd = 0.08
0 1 2 3 4 5 6 7 8 9 10 11 12 13 14 15 16 17 18 19 20 21 22 23 24 25 26 27 28 29 30 31 32 33 34 35 36 37 38 39 40 41 42 43 44 45 46 47 48 49 [LOG] avg. concordance w/o pca: 0.5482328042328042
[LOG] avg. ipec w/o pca: 1.968317437138515
[LOG] avg. concordance w/ pca: 0.5597356902356901
[LOG] avg. ipec w/ pca: 2.050598249943339
-------------------------------------------------------
[LOG] lambd = 0.09
0 1 2 3 4 5 6 7 8 9 10 11 12 13 14 15 16 17 18 19 20 21 22 23 24 25 26 27 28 29 30 31 32 33 34 35 36 37 38 39 40 41 42 43 44 45 46 47 48 49 [LOG] avg. concordance w/o pca: 0.5449050024050024
[LOG] avg. ipec w/o pca: 1.9678473583089189
[LOG] avg. concordance w/ pca: 0.5538225108225108
[LOG] avg. ipec w/ pca: 2.037891553381143
-------------------------------------------------------
[LOG] lambd = 0.1
0 1 2 3 4 5 6 7 8 9 10 11 12 13 14 15 16 17 18 19 20 21 22 23 24 25 26 27 28 29 30 31 32 33 34 35 36 37 38 39 40 41 42 43 44 45 46 47 48 49 [LOG] avg. concordance w/o pca: 0.5412542087542088
[LOG] avg. ipec w/o pca: 1.93955717591814
[LOG] avg. concordance w/ pca: 0.5477970177970178
[LOG] avg. ipec w/ pca: 2.033687494685049
-------------------------------------------------------
[LOG] lambd = 0.12
0 1 2 3 4 5 6 7 8 9 10 11 12 13 14 15 16 17 18 19 20 21 22 23 24 25 26 27 28 29 30 31 32 33 34 35 36 37 38 39 40 41 42 43 44 45 46 47 48 49 [LOG] avg. concordance w/o pca: 0.5385822510822511
[LOG] avg. ipec w/o pca: 1.9419808799384526
[LOG] avg. concordance w/ pca: 0.5363297258297258
[LOG] avg. ipec w/ pca: 2.0282064489899607
-------------------------------------------------------
[LOG] lambd = 0.15
0 1 2 3 4 5 6 7 8 9 10 11 12 13 14 15 16 17 18 19 20 21 22 23 24 25 26 27 28 29 30 31 32 33 34 35 36 37 38 39 40 41 42 43 44 45 46 47 48 49 [LOG] avg. concordance w/o pca: 0.5288585858585859
[LOG] avg. ipec w/o pca: 1.9946211554396154
[LOG] avg. concordance w/ pca: 0.5177111592111592
[LOG] avg. ipec w/ pca: 2.038684405532839
-------------------------------------------------------

For the ich dataset:
[LOG] lambd = 0.05
0 1 2 3 4 [LOG] avg. concordance w/o pca: 0.5868969443476241
[LOG] avg. ipec w/o pca: 2.1522588124402744
[LOG] avg. concordance w/ pca: 0.5742379458580226
[LOG] avg. ipec w/ pca: 2.0344427260839386
-------------------------------------------------------
[LOG] lambd = 0.07
0 1 2 3 4 [LOG] avg. concordance w/o pca: 0.5817254560241664
[LOG] avg. ipec w/o pca: 2.1405243920282646
[LOG] avg. concordance w/ pca: 0.5671294295341002
[LOG] avg. ipec w/ pca: 1.9471600731849734
-------------------------------------------------------
[LOG] lambd = 0.08
0 1 2 3 4 [LOG] avg. concordance w/o pca: 0.5808605785988149
[LOG] avg. ipec w/o pca: 2.13264515317877
[LOG] avg. concordance w/ pca: 0.5633206692227256
[LOG] avg. ipec w/ pca: 1.9032254655102885
-------------------------------------------------------
[LOG] lambd = 0.09
0 1 2 3 4 [LOG] avg. concordance w/o pca: 0.5801255954455675
[LOG] avg. ipec w/o pca: 2.1270946803898134
[LOG] avg. concordance w/ pca: 0.5624956430812129
[LOG] avg. ipec w/ pca: 1.8743344371129567
-------------------------------------------------------
[LOG] lambd = 0.1
0 1 2 3 4 [LOG] avg. concordance w/o pca: 0.579832578134077
[LOG] avg. ipec w/o pca: 2.115977217676879
[LOG] avg. concordance w/ pca: 0.5631878703380969
[LOG] avg. ipec w/ pca: 1.8640046107465396
-------------------------------------------------------
[LOG] lambd = 0.12
0 1 2 3 4 [LOG] avg. concordance w/o pca: 0.5819843150923667
[LOG] avg. ipec w/o pca: 2.081348571196765
[LOG] avg. concordance w/ pca: 0.556793888695248
[LOG] avg. ipec w/ pca: 1.8716659246282852
-------------------------------------------------------
[LOG] lambd = 0.15
0 1 2 3 4 [LOG] avg. concordance w/o pca: 0.5829370280004647
[LOG] avg. ipec w/o pca: 2.034780521950991
[LOG] avg. concordance w/ pca: 0.49910886487742534
[LOG] avg. ipec w/ pca: 1.8630533743474422
-------------------------------------------------------
