/media/latte/anaconda3/lib/python3.6/site-packages/h5py/__init__.py:36: FutureWarning: Conversion of the second argument of issubdtype from `float` to `np.floating` is deprecated. In future, it will be treated as `np.float64 == np.dtype(float).type`.
  from ._conv import register_converters as _register_converters
Using TensorFlow backend.
/home/rzuo/.local/lib/python3.6/site-packages/fancyimpute/soft_impute.py:100: RuntimeWarning: divide by zero encountered in double_scalars
  return (np.sqrt(ssd) / old_norm) < self.convergence_threshold

For the pancreatitis dataset:
[LOG] lambd = 0.01
0 1 2 3 4 5 6 7 8 9 10 11 12 13 14 15 16 17 18 19 20 21 22 23 24 25 26 27 28 29 30 31 32 33 34 35 36 37 38 39 40 41 42 43 44 45 46 47 48 49 [LOG] avg. concordance w/o pca: 0.5259160654160653
[LOG] avg. ipec w/o pca: 2.7029600530169575
[LOG] avg. concordance w/ pca: 0.5818193843193843
[LOG] avg. ipec w/ pca: 2.271245133022062
-------------------------------------------------------
[LOG] lambd = 0.02
0 1 2 3 4 5 6 7 8 9 10 11 12 13 14 15 16 17 18 19 20 21 22 23 24 25 26 27 28 29 30 31 32 33 34 35 36 37 38 39 40 41 42 43 44 45 46 47 48 49 [LOG] avg. concordance w/o pca: 0.5378689273689274
[LOG] avg. ipec w/o pca: 2.430127888318213
[LOG] avg. concordance w/ pca: 0.5800113035113036
[LOG] avg. ipec w/ pca: 2.247953474690096
-------------------------------------------------------
[LOG] lambd = 0.03
0 1 2 3 4 5 6 7 8 9 10 11 12 13 14 15 16 17 18 19 20 21 22 23 24 25 26 27 28 29 30 31 32 33 34 35 36 37 38 39 40 41 42 43 44 45 46 47 48 49 [LOG] avg. concordance w/o pca: 0.5469511784511785
[LOG] avg. ipec w/o pca: 2.2632576085697553
[LOG] avg. concordance w/ pca: 0.5778299663299663
[LOG] avg. ipec w/ pca: 2.207408456073364
-------------------------------------------------------
[LOG] lambd = 0.04
0 1 2 3 4 5 6 7 8 9 10 11 12 13 14 15 16 17 18 19 20 21 22 23 24 25 26 27 28 29 30 31 32 33 34 35 36 37 38 39 40 41 42 43 44 45 46 47 48 49 [LOG] avg. concordance w/o pca: 0.5527111592111593
[LOG] avg. ipec w/o pca: 2.1275268490659927
[LOG] avg. concordance w/ pca: 0.5751642616642616
[LOG] avg. ipec w/ pca: 2.1889133649237404
-------------------------------------------------------
[LOG] lambd = 0.05
0 1 2 3 4 5 6 7 8 9 10 11 12 13 14 15 16 17 18 19 20 21 22 23 24 25 26 27 28 29 30 31 32 33 34 35 36 37 38 39 40 41 42 43 44 45 46 47 48 49 [LOG] avg. concordance w/o pca: 0.557873977873978
[LOG] avg. ipec w/o pca: 2.0548397939317287
[LOG] avg. concordance w/ pca: 0.5722549302549302
[LOG] avg. ipec w/ pca: 2.1537022309531797
-------------------------------------------------------

For the ich dataset:
[LOG] lambd = 0.01
0 1 2 3 4 [LOG] avg. concordance w/o pca: 0.5829194841408156
[LOG] avg. ipec w/o pca: 2.503747151274658
[LOG] avg. concordance w/ pca: 0.582055187637969
[LOG] avg. ipec w/ pca: 2.2278533641468776
-------------------------------------------------------
[LOG] lambd = 0.02
0 1 2 3 4 [LOG] avg. concordance w/o pca: 0.6066498199140234
[LOG] avg. ipec w/o pca: 2.4195641420898992
[LOG] avg. concordance w/ pca: 0.5808956663181132
[LOG] avg. ipec w/ pca: 2.177788879448586
-------------------------------------------------------
[LOG] lambd = 0.03
0 1 2 3 4 [LOG] avg. concordance w/o pca: 0.5962539793191588
[LOG] avg. ipec w/o pca: 2.2242138671483747
[LOG] avg. concordance w/ pca: 0.5772334146624839
[LOG] avg. ipec w/ pca: 2.11818966680738
-------------------------------------------------------
[LOG] lambd = 0.04
0 1 2 3 4 [LOG] avg. concordance w/o pca: 0.5919127454397584
[LOG] avg. ipec w/o pca: 2.1965001842815335
[LOG] avg. concordance w/ pca: 0.5740121993726037
[LOG] avg. ipec w/ pca: 2.0749446841203034
-------------------------------------------------------
[LOG] lambd = 0.05
0 1 2 3 4 [LOG] avg. concordance w/o pca: 0.5871330312536308
[LOG] avg. ipec w/o pca: 2.149110975896304
[LOG] avg. concordance w/ pca: 0.574056349482979
[LOG] avg. ipec w/ pca: 2.0332170173134183
-------------------------------------------------------
