
For the pancreatitis dataset:
[LOG] lambd = 0.05
0
concordance: 0.5996753246753247
IPEC: 0.1710301553454618
1
concordance: 0.5532467532467532
IPEC: 0.1804229290616626
2
concordance: 0.5227272727272727
IPEC: 0.19710584119114863
3
concordance: 0.6100649350649351
IPEC: 0.1710982994056869
4
concordance: 0.5175084175084175
IPEC: 0.20325023904319095
5
concordance: 0.5425324675324675
IPEC: 0.2289355240039059
6
concordance: 0.4775974025974026
IPEC: 0.19362494873415356
7
concordance: 0.5603896103896104
IPEC: 0.1762628356252342
8
concordance: 0.5279220779220779
IPEC: 0.2103563177542648
9
concordance: 0.5538720538720538
IPEC: 0.1504810957503534
10
concordance: 0.5282467532467533
IPEC: 0.2326813674004536
11
concordance: 0.5801948051948052
IPEC: 0.17519647420218915
12
concordance: 0.599025974025974
IPEC: 0.1746683599736894
13
concordance: 0.487012987012987
IPEC: 0.17605283453589762
14
concordance: 0.5666666666666667
IPEC: 0.19959860404208524
15
concordance: 0.5555194805194805
IPEC: 0.19816459613046922
16
concordance: 0.5889610389610389
IPEC: 0.18750344833804347
17
concordance: 0.5224025974025974
IPEC: 0.15159953954822766
18
concordance: 0.5857142857142857
IPEC: 0.21043837073561525
19
concordance: 0.5525252525252525
IPEC: 0.18673249206216114
20
concordance: 0.6363636363636364
IPEC: 0.1586373120570476
21
concordance: 0.5019480519480519
IPEC: 0.18455639375906108
22
concordance: 0.6146103896103896
IPEC: 0.1958692623904799
23
concordance: 0.49123376623376624
IPEC: 0.1902756457067771
24
concordance: 0.573063973063973
IPEC: 0.19757500141617526
25
concordance: 0.6237012987012988
IPEC: 0.214108903677717
26
concordance: 0.5886363636363636
IPEC: 0.18574674835008717
27
concordance: 0.5762987012987013
IPEC: 0.13629407325674375
28
concordance: 0.5844155844155844
IPEC: 0.18901888667199848
29
concordance: 0.5053872053872054
IPEC: 0.19401574012266176
30
concordance: 0.5425324675324675
IPEC: 0.17267252107100997
31
concordance: 0.4850649350649351
IPEC: 0.22075138826293886
32
concordance: 0.5155844155844156
IPEC: 0.19048446778501585
33
concordance: 0.576948051948052
IPEC: 0.18388776226128614
34
concordance: 0.5925925925925926
IPEC: 0.17493795730565265
35
concordance: 0.5159090909090909
IPEC: 0.16627318954992537
36
concordance: 0.5503246753246753
IPEC: 0.17737835270197216
37
concordance: 0.587012987012987
IPEC: 0.18650607610582867
38
concordance: 0.6392857142857142
IPEC: 0.194108906219897
39
concordance: 0.6117845117845118
IPEC: 0.19792996060076673
40
concordance: 0.5941558441558441
IPEC: 0.1711465847411735
41
concordance: 0.4779220779220779
IPEC: 0.22090704279823445
42
concordance: 0.5555194805194805
IPEC: 0.17438143768274372
43
concordance: 0.6224025974025974
IPEC: 0.1782204201518556
44
concordance: 0.503030303030303
IPEC: 0.20209582476391547
45
concordance: 0.5970779220779221
IPEC: 0.18519101772145063
46
concordance: 0.5727272727272728
IPEC: 0.19328343047378457
47
concordance: 0.5340909090909091
IPEC: 0.16560714913970684
48
concordance: 0.576948051948052
IPEC: 0.17295735792446235
49
concordance: 0.5175084175084175
IPEC: 0.20823143220469492
[LOG] avg. concordance: 0.5579177489177489
[LOG] avg. ipec: 0.18716509039517917
-------------------------------------------------------
[LOG] lambd = 0.07
0
concordance: 0.5711038961038961
IPEC: 0.17236201324556003
1
concordance: 0.5435064935064935
IPEC: 0.18576768318127307
2
concordance: 0.5311688311688312
IPEC: 0.1918957986147943
3
concordance: 0.562012987012987
IPEC: 0.1785470156967823
4
concordance: 0.5454545454545454
IPEC: 0.2013025688226667
5
concordance: 0.5142857142857142
IPEC: 0.22644370347890666
6
concordance: 0.46655844155844156
IPEC: 0.18591988771057835
7
concordance: 0.5483766233766234
IPEC: 0.17922605541474287
8
concordance: 0.5301948051948052
IPEC: 0.20883018505020132
9
concordance: 0.5905723905723905
IPEC: 0.15138014914228815
10
concordance: 0.5207792207792208
IPEC: 0.22140998038410936
11
concordance: 0.5701298701298702
IPEC: 0.17218620010766159
12
concordance: 0.5626623376623376
IPEC: 0.1812965146870455
13
concordance: 0.4746753246753247
IPEC: 0.17565489798271225
14
concordance: 0.5616161616161616
IPEC: 0.19103419139155584
15
concordance: 0.5461038961038961
IPEC: 0.19393020801193295
16
concordance: 0.5685064935064935
IPEC: 0.18489573998459027
17
concordance: 0.5051948051948052
IPEC: 0.15291319714210644
18
concordance: 0.5642857142857143
IPEC: 0.21187926814963884
19
concordance: 0.5286195286195287
IPEC: 0.18432444516319
20
concordance: 0.624025974025974
IPEC: 0.16147381725822227
21
concordance: 0.4762987012987013
IPEC: 0.17661325762634617
22
concordance: 0.6051948051948052
IPEC: 0.18869460666852422
23
concordance: 0.5178571428571429
IPEC: 0.1889909001125693
24
concordance: 0.5683501683501684
IPEC: 0.19551432233134083
25
concordance: 0.5993506493506493
IPEC: 0.21291191814421145
26
concordance: 0.5636363636363636
IPEC: 0.18382756134798853
27
concordance: 0.5711038961038961
IPEC: 0.13906067182340404
28
concordance: 0.5711038961038961
IPEC: 0.1912889228074943
29
concordance: 0.5282828282828282
IPEC: 0.18321509005188158
30
concordance: 0.5331168831168831
IPEC: 0.17775534715347385
31
concordance: 0.5607142857142857
IPEC: 0.1996578131410831
32
concordance: 0.4837662337662338
IPEC: 0.1915468105424591
33
concordance: 0.6058441558441559
IPEC: 0.18138357157078494
34
concordance: 0.5915824915824915
IPEC: 0.1674271546771574
35
concordance: 0.5068181818181818
IPEC: 0.16815512981527045
36
concordance: 0.5678571428571428
IPEC: 0.1755999076964208
37
concordance: 0.548051948051948
IPEC: 0.18164684245946003
38
concordance: 0.6006493506493507
IPEC: 0.20318503716645692
39
concordance: 0.592929292929293
IPEC: 0.18819731273868975
40
concordance: 0.5529220779220779
IPEC: 0.169897351239082
41
concordance: 0.4577922077922078
IPEC: 0.21645392292969698
42
concordance: 0.5331168831168831
IPEC: 0.17342772326842718
43
concordance: 0.548051948051948
IPEC: 0.17997505945652734
44
concordance: 0.5037037037037037
IPEC: 0.1985666021788306
45
concordance: 0.6022727272727273
IPEC: 0.18774553384664397
46
concordance: 0.576948051948052
IPEC: 0.1895794123509126
47
concordance: 0.537987012987013
IPEC: 0.1645505853689889
48
concordance: 0.5493506493506494
IPEC: 0.17705382945618317
49
concordance: 0.4835016835016835
IPEC: 0.21329542455080108
[LOG] avg. concordance: 0.5473597883597884
[LOG] avg. ipec: 0.18555782286283334
-------------------------------------------------------
[LOG] lambd = 0.09
0
concordance: 0.5967532467532467
IPEC: 0.17541394453858614
1
concordance: 0.5474025974025974
IPEC: 0.18602905710561307
2
concordance: 0.5655844155844156
IPEC: 0.1885025276566057
3
concordance: 0.5847402597402598
IPEC: 0.17691377308651676
4
concordance: 0.5161616161616162
IPEC: 0.19905491966024408
5
concordance: 0.5100649350649351
IPEC: 0.22576617037344723
6
concordance: 0.49707792207792206
IPEC: 0.17844966737291953
7
concordance: 0.5555194805194805
IPEC: 0.17670378248730792
8
concordance: 0.5175324675324675
IPEC: 0.20631217120538023
9
concordance: 0.5946127946127946
IPEC: 0.14680776942946872
10
concordance: 0.49318181818181817
IPEC: 0.21844841945384738
11
concordance: 0.5665584415584416
IPEC: 0.16600831775855482
12
concordance: 0.5175324675324675
IPEC: 0.1803525069971918
13
concordance: 0.5178571428571429
IPEC: 0.17175300727738937
14
concordance: 0.5686868686868687
IPEC: 0.18489541228401982
15
concordance: 0.49902597402597404
IPEC: 0.19248378368247213
16
concordance: 0.5483766233766234
IPEC: 0.18582940140894091
17
concordance: 0.561038961038961
IPEC: 0.1490142178677965
18
concordance: 0.5720779220779221
IPEC: 0.20594032193375716
19
concordance: 0.5158249158249159
IPEC: 0.18538177961257316
20
concordance: 0.5724025974025974
IPEC: 0.16429298634484635
21
concordance: 0.4948051948051948
IPEC: 0.1772558130949764
22
concordance: 0.5558441558441558
IPEC: 0.1868170364765085
23
concordance: 0.5798701298701299
IPEC: 0.1881218969029143
24
concordance: 0.5707070707070707
IPEC: 0.1958201018807001
25
concordance: 0.6058441558441559
IPEC: 0.21264324582806737
26
concordance: 0.5704545454545454
IPEC: 0.17949239608803724
27
concordance: 0.5626623376623376
IPEC: 0.14141060579099884
28
concordance: 0.5363636363636364
IPEC: 0.19282242077281544
29
concordance: 0.5225589225589226
IPEC: 0.17809108352921574