/media/latte/anaconda3/lib/python3.6/site-packages/h5py/__init__.py:36: FutureWarning: Conversion of the second argument of issubdtype from `float` to `np.floating` is deprecated. In future, it will be treated as `np.float64 == np.dtype(float).type`.
  from ._conv import register_converters as _register_converters
Using TensorFlow backend.
/home/rzuo/.local/lib/python3.6/site-packages/fancyimpute/soft_impute.py:100: RuntimeWarning: divide by zero encountered in double_scalars
  return (np.sqrt(ssd) / old_norm) < self.convergence_threshold

For the pancreatitis dataset:
[LOG] n_neighbor = 3
0 1 2 3 4 5 6 7 8 9 10 11 12 13 14 15 16 17 18 19 20 21 22 23 24 25 26 27 28 29 30 31 32 33 34 35 36 37 38 39 40 41 42 43 44 45 46 47 48 49 [LOG] avg. concordance w/o pca: 0.5501608946608948
[LOG] avg. ipec w/o pca: 2.275707545910347
[LOG] avg. concordance w/ pca: 0.5643114478114478
[LOG] avg. ipec w/ pca: 3.002716701564214
-------------------------------------------------------
[LOG] n_neighbor = 5
0 1 2 3 4 5 6 7 8 9 10 11 12 13 14 15 16 17 18 19 20 21 22 23 24 25 26 27 28 29 30 31 32 33 34 35 36 37 38 39 40 41 42 43 44 45 46 47 48 49 [LOG] avg. concordance w/o pca: 0.5574672919672921
[LOG] avg. ipec w/o pca: 2.1014232837108606
[LOG] avg. concordance w/ pca: 0.5607097162097162
[LOG] avg. ipec w/ pca: 2.785151624597264
-------------------------------------------------------
[LOG] n_neighbor = 10
0 1 2 3 4 5 6 7 8 9 10 11 12 13 14 15 16 17 18 19 20 21 22 23 24 25 26 27 28 29 30 31 32 33 34 35 36 37 38 39 40 41 42 43 44 45 46 47 48 49 [LOG] avg. concordance w/o pca: 0.5532145262145263
[LOG] avg. ipec w/o pca: 2.071202623911442
[LOG] avg. concordance w/ pca: 0.5529737854737855
[LOG] avg. ipec w/ pca: 2.3393720908391695
-------------------------------------------------------
[LOG] n_neighbor = 15
0 1 2 3 4 5 6 7 8 9 10 11 12 13 14 15 16 17 18 19 20 21 22 23 24 25 26 27 28 29 30 31 32 33 34 35 36 37 38 39 40 41 42 43 44 45 46 47 48 49 [LOG] avg. concordance w/o pca: 0.5459139009139009
[LOG] avg. ipec w/o pca: 2.156121092193648
[LOG] avg. concordance w/ pca: 0.5553626743626743
[LOG] avg. ipec w/ pca: 2.123981926692278
-------------------------------------------------------
[LOG] n_neighbor = 20
0 1 2 3 4 5 6 7 8 9 10 11 12 13 14 15 16 17 18 19 20 21 22 23 24 25 26 27 28 29 30 31 32 33 34 35 36 37 38 39 40 41 42 43 44 45 46 47 48 49 [LOG] avg. concordance w/o pca: 0.5546050986050987
[LOG] avg. ipec w/o pca: 2.1096080653191396
[LOG] avg. concordance w/ pca: 0.5502883597883598
[LOG] avg. ipec w/ pca: 2.005802450266189
-------------------------------------------------------
[LOG] n_neighbor = 30
0 1 2 3 4 5 6 7 8 9 10 11 12 13 14 15 16 17 18 19 20 21 22 23 24 25 26 27 28 29 30 31 32 33 34 35 36 37 38 39 40 41 42 43 44 45 46 47 48 49 [LOG] avg. concordance w/o pca: 0.535016354016354
[LOG] avg. ipec w/o pca: 2.1805446587131687
[LOG] avg. concordance w/ pca: 0.5523855218855218
[LOG] avg. ipec w/ pca: 1.9447742440920612
-------------------------------------------------------
[LOG] n_neighbor = 50
0 1 2 3 4 5 6 7 8 9 10 11 12 13 14 15 16 17 18 19 20 21 22 23 24 25 26 27 28 29 30 31 32 33 34 35 36 37 38 39 40 41 42 43 44 45 46 47 48 49 [LOG] avg. concordance w/o pca: 0.5358412698412698
[LOG] avg. ipec w/o pca: 2.0563993815842836
[LOG] avg. concordance w/ pca: 0.54094227994228
[LOG] avg. ipec w/ pca: 1.9629016063444962
-------------------------------------------------------
[LOG] n_neighbor = 80
0 1 2 3 4 5 6 7 8 9 10 11 12 13 14 15 16 17 18 19 20 21 22 23 24 25 26 27 28 29 30 31 32 33 34 35 36 37 38 39 40 41 42 43 44 45 46 47 48 49 [LOG] avg. concordance w/o pca: 0.5167248677248677
[LOG] avg. ipec w/o pca: 1.9500618694608451
[LOG] avg. concordance w/ pca: 0.5379355459355459
[LOG] avg. ipec w/ pca: 2.0072034520056605
-------------------------------------------------------
[LOG] n_neighbor = 120
0 1 2 3 4 5 6 7 8 9 10 11 12 13 14 15 16 17 18 19 20 21 22 23 24 25 26 27 28 29 30 31 32 33 34 35 36 37 38 39 40 41 42 43 44 45 46 47 48 49 [LOG] avg. concordance w/o pca: 0.5009564694564694
[LOG] avg. ipec w/o pca: 1.9799532894039678
[LOG] avg. concordance w/ pca: 0.517505291005291
[LOG] avg. ipec w/ pca: 2.056967816134423
-------------------------------------------------------
[LOG] n_neighbor = 200
0 1 2 3 4 5 6 7 8 9 10 11 12 13 14 15 16 17 18 19 20 21 22 23 24 25 26 27 28 29 30 31 32 33 34 35 36 37 38 39 40 41 42 43 44 45 46 47 48 49 [LOG] avg. concordance w/o pca: 0.49322270322270323
[LOG] avg. ipec w/o pca: 2.022900321992743
[LOG] avg. concordance w/ pca: 0.4977234247234247
[LOG] avg. ipec w/ pca: 2.021472791027836
-------------------------------------------------------

For the ich dataset:
[LOG] n_neighbor = 3
0 1 2 3 4 [LOG] avg. concordance w/o pca: 0.5719599163471593
[LOG] avg. ipec w/o pca: 3.213592180253869
[LOG] avg. concordance w/ pca: 0.5553908446613222
[LOG] avg. ipec w/ pca: 2.455263105232348
-------------------------------------------------------
[LOG] n_neighbor = 5
0 1 2 3 4 [LOG] avg. concordance w/o pca: 0.5729085627977228
[LOG] avg. ipec w/o pca: 2.697806924049705
[LOG] avg. concordance w/ pca: 0.5650700592540956
[LOG] avg. ipec w/ pca: 2.481695976823455
-------------------------------------------------------
[LOG] n_neighbor = 10
0 1 2 3 4 [LOG] avg. concordance w/o pca: 0.5761260601835716
[LOG] avg. ipec w/o pca: 2.1629376347377685
[LOG] avg. concordance w/ pca: 0.5711738120134775
[LOG] avg. ipec w/ pca: 2.4288549580282703
-------------------------------------------------------
[LOG] n_neighbor = 15
0 1 2 3 4 [LOG] avg. concordance w/o pca: 0.5753041710235854
[LOG] avg. ipec w/o pca: 2.412766141968507
[LOG] avg. concordance w/ pca: 0.5835478099221565
[LOG] avg. ipec w/ pca: 2.2570351469169365
-------------------------------------------------------
[LOG] n_neighbor = 20
0 1 2 3 4 [LOG] avg. concordance w/o pca: 0.5694813523875915
[LOG] avg. ipec w/o pca: 2.4994605697168217
[LOG] avg. concordance w/ pca: 0.5856484257000115
[LOG] avg. ipec w/ pca: 1.972514019181175
-------------------------------------------------------
[LOG] n_neighbor = 30
0 1 2 3 4 [LOG] avg. concordance w/o pca: 0.5817065179505054
[LOG] avg. ipec w/o pca: 2.4164317322763815
[LOG] avg. concordance w/ pca: 0.5810700592540956
[LOG] avg. ipec w/ pca: 2.156768730981727
-------------------------------------------------------
[LOG] n_neighbor = 50
0 1 2 3 4 [LOG] avg. concordance w/o pca: 0.580925641919368
[LOG] avg. ipec w/o pca: 2.118005238148418
[LOG] avg. concordance w/ pca: 0.5888490763332171
[LOG] avg. ipec w/ pca: 2.2102506016666856
-------------------------------------------------------
[LOG] n_neighbor = 80
0 1 2 3 4 [LOG] avg. concordance w/o pca: 0.5851056117113977
[LOG] avg. ipec w/o pca: 2.117735512640133
[LOG] avg. concordance w/ pca: 0.5811906587661205
[LOG] avg. ipec w/ pca: 2.1901802949307925
-------------------------------------------------------
[LOG] n_neighbor = 120
0 1 2 3 4 [LOG] avg. concordance w/o pca: 0.584009294760079
[LOG] avg. ipec w/o pca: 2.1327111813189368
[LOG] avg. concordance w/ pca: 0.582112118043453
[LOG] avg. ipec w/ pca: 2.0668412915503627
-------------------------------------------------------
[LOG] n_neighbor = 200
0 1 2 3 4 [LOG] avg. concordance w/o pca: 0.582298361798536
[LOG] avg. ipec w/o pca: 2.1331324674681853
[LOG] avg. concordance w/ pca: 0.5667725107470664
[LOG] avg. ipec w/ pca: 2.0632917545944
-------------------------------------------------------
